ISim log file
Running: C:\Users\Matze\Amiga\Hardwarehacks\gb_a1k_tk\Logik\RAM_Control\RAM_Control_VHDL\RamConTest_isim_beh.exe -intstyle ise -gui -tclbatch isim.cmd -wdb C:/Users/Matze/Amiga/Hardwarehacks/gb_a1k_tk/Logik/RAM_Control/RAM_Control_VHDL/RamConTest_isim_beh.wdb 
ISim P.68d (signature 0x7708f090)
WARNING: A WEBPACK license was found.
WARNING: Please use Xilinx License Configuration Manager to check out a full ISim license.
WARNING: ISim will run in Lite mode. Please refer to the ISim documentation for more information on the differences between the Lite and the Full version.
This is a Lite version of ISim.
Time resolution is 1 ps
# onerror resume
# wave add /
# run 1000 ns
Simulator is doing circuit initialization process.
at 0 ps, Instance /ramcontest/uut/ : Warning: There is an 'U'|'X'|'W'|'Z'|'-' in an arithmetic operand, the result will be 'X'(es).
Finished circuit initialization process.
# restart
# run all
Simulator is doing circuit initialization process.
Finished circuit initialization process.
Stopped at time : 80 ns : File "C:/Users/Matze/Amiga/Hardwarehacks/gb_a1k_tk/Logik/RAM_Control/RAM_Control_VHDL/ramcon - vector_io.vhd" Line 233
# step
Stopped at time : 80 ns : File "C:/Users/Matze/Amiga/Hardwarehacks/gb_a1k_tk/Logik/RAM_Control/RAM_Control_VHDL/ramcon - vector_io.vhd" Line 73
# step
Stopped at time : 80 ns : File "C:/Users/Matze/Amiga/Hardwarehacks/gb_a1k_tk/Logik/RAM_Control/RAM_Control_VHDL/ramcon - vector_io.vhd" Line 122
# step
Stopped at time : 80 ns : File "C:/Users/Matze/Amiga/Hardwarehacks/gb_a1k_tk/Logik/RAM_Control/RAM_Control_VHDL/ramcon - vector_io.vhd" Line 160
# step
Stopped at time : 85 ns : File "C:/Users/Matze/Amiga/Hardwarehacks/gb_a1k_tk/Logik/RAM_Control/RAM_Control_VHDL/RamCon-Test.vhd" Line 175
# step
Stopped at time : 85 ns : File "C:/Users/Matze/Amiga/Hardwarehacks/gb_a1k_tk/Logik/RAM_Control/RAM_Control_VHDL/RamCon-Test.vhd" Line 176
# step
Stopped at time : 85 ns : File "C:/Users/Matze/Amiga/Hardwarehacks/gb_a1k_tk/Logik/RAM_Control/RAM_Control_VHDL/RamCon-Test.vhd" Line 183
# step
Stopped at time : 85 ns : File "C:/Users/Matze/Amiga/Hardwarehacks/gb_a1k_tk/Logik/RAM_Control/RAM_Control_VHDL/RamCon-Test.vhd" Line 184
# step
Stopped at time : 85 ns : File "C:/Users/Matze/Amiga/Hardwarehacks/gb_a1k_tk/Logik/RAM_Control/RAM_Control_VHDL/ramcon - vector_io.vhd" Line 73
# step
Stopped at time : 85 ns : File "C:/Users/Matze/Amiga/Hardwarehacks/gb_a1k_tk/Logik/RAM_Control/RAM_Control_VHDL/ramcon - vector_io.vhd" Line 91
# step
Stopped at time : 85 ns : File "C:/Users/Matze/Amiga/Hardwarehacks/gb_a1k_tk/Logik/RAM_Control/RAM_Control_VHDL/ramcon - vector_io.vhd" Line 92
# step
Stopped at time : 85 ns : File "C:/Users/Matze/Amiga/Hardwarehacks/gb_a1k_tk/Logik/RAM_Control/RAM_Control_VHDL/ramcon - vector_io.vhd" Line 93
# step
Stopped at time : 85 ns : File "C:/Users/Matze/Amiga/Hardwarehacks/gb_a1k_tk/Logik/RAM_Control/RAM_Control_VHDL/ramcon - vector_io.vhd" Line 94
# step
Stopped at time : 85 ns : File "C:/Users/Matze/Amiga/Hardwarehacks/gb_a1k_tk/Logik/RAM_Control/RAM_Control_VHDL/ramcon - vector_io.vhd" Line 95
# step
Stopped at time : 85 ns : File "C:/Users/Matze/Amiga/Hardwarehacks/gb_a1k_tk/Logik/RAM_Control/RAM_Control_VHDL/ramcon - vector_io.vhd" Line 96
# step
Stopped at time : 85 ns : File "C:/Users/Matze/Amiga/Hardwarehacks/gb_a1k_tk/Logik/RAM_Control/RAM_Control_VHDL/ramcon - vector_io.vhd" Line 97
# step
Stopped at time : 85 ns : File "C:/Users/Matze/Amiga/Hardwarehacks/gb_a1k_tk/Logik/RAM_Control/RAM_Control_VHDL/ramcon - vector_io.vhd" Line 98
# step
Stopped at time : 85 ns : File "C:/Users/Matze/Amiga/Hardwarehacks/gb_a1k_tk/Logik/RAM_Control/RAM_Control_VHDL/ramcon - vector_io.vhd" Line 99
# step
Stopped at time : 85 ns : File "C:/Users/Matze/Amiga/Hardwarehacks/gb_a1k_tk/Logik/RAM_Control/RAM_Control_VHDL/ramcon - vector_io.vhd" Line 100
# step
Stopped at time : 85 ns : File "C:/Users/Matze/Amiga/Hardwarehacks/gb_a1k_tk/Logik/RAM_Control/RAM_Control_VHDL/ramcon - vector_io.vhd" Line 101
# step
Stopped at time : 85 ns : File "C:/Users/Matze/Amiga/Hardwarehacks/gb_a1k_tk/Logik/RAM_Control/RAM_Control_VHDL/ramcon - vector_io.vhd" Line 102
# step
Stopped at time : 85 ns : File "C:/Users/Matze/Amiga/Hardwarehacks/gb_a1k_tk/Logik/RAM_Control/RAM_Control_VHDL/ramcon - vector_io.vhd" Line 103
# step
Stopped at time : 85 ns : File "C:/Users/Matze/Amiga/Hardwarehacks/gb_a1k_tk/Logik/RAM_Control/RAM_Control_VHDL/ramcon - vector_io.vhd" Line 104
# step
Stopped at time : 85 ns : File "C:/Users/Matze/Amiga/Hardwarehacks/gb_a1k_tk/Logik/RAM_Control/RAM_Control_VHDL/ramcon - vector_io.vhd" Line 105
# step
Stopped at time : 85 ns : File "C:/Users/Matze/Amiga/Hardwarehacks/gb_a1k_tk/Logik/RAM_Control/RAM_Control_VHDL/ramcon - vector_io.vhd" Line 106
# step
Stopped at time : 85 ns : File "C:/Users/Matze/Amiga/Hardwarehacks/gb_a1k_tk/Logik/RAM_Control/RAM_Control_VHDL/ramcon - vector_io.vhd" Line 122
# step
Stopped at time : 85 ns : File "C:/Users/Matze/Amiga/Hardwarehacks/gb_a1k_tk/Logik/RAM_Control/RAM_Control_VHDL/ramcon - vector_io.vhd" Line 125
# step
Stopped at time : 85 ns : File "C:/Users/Matze/Amiga/Hardwarehacks/gb_a1k_tk/Logik/RAM_Control/RAM_Control_VHDL/ramcon - vector_io.vhd" Line 126
# step
Stopped at time : 85 ns : File "C:/Users/Matze/Amiga/Hardwarehacks/gb_a1k_tk/Logik/RAM_Control/RAM_Control_VHDL/ramcon - vector_io.vhd" Line 160
# step
Stopped at time : 85 ns : File "C:/Users/Matze/Amiga/Hardwarehacks/gb_a1k_tk/Logik/RAM_Control/RAM_Control_VHDL/ramcon - vector_io.vhd" Line 216
# step
Stopped at time : 85 ns : File "C:/Users/Matze/Amiga/Hardwarehacks/gb_a1k_tk/Logik/RAM_Control/RAM_Control_VHDL/ramcon - vector_io.vhd" Line 218
# step
Stopped at time : 85 ns : File "C:/Users/Matze/Amiga/Hardwarehacks/gb_a1k_tk/Logik/RAM_Control/RAM_Control_VHDL/ramcon - vector_io.vhd" Line 219
# step
Stopped at time : 85 ns : File "C:/Users/Matze/Amiga/Hardwarehacks/gb_a1k_tk/Logik/RAM_Control/RAM_Control_VHDL/ramcon - vector_io.vhd" Line 220
# step
Stopped at time : 85 ns : File "C:/Users/Matze/Amiga/Hardwarehacks/gb_a1k_tk/Logik/RAM_Control/RAM_Control_VHDL/ramcon - vector_io.vhd" Line 221
# step
Stopped at time : 85 ns : File "C:/Users/Matze/Amiga/Hardwarehacks/gb_a1k_tk/Logik/RAM_Control/RAM_Control_VHDL/ramcon - vector_io.vhd" Line 222
# step
Stopped at time : 85 ns : File "C:/Users/Matze/Amiga/Hardwarehacks/gb_a1k_tk/Logik/RAM_Control/RAM_Control_VHDL/ramcon - vector_io.vhd" Line 223
# step
Stopped at time : 85 ns : File "C:/Users/Matze/Amiga/Hardwarehacks/gb_a1k_tk/Logik/RAM_Control/RAM_Control_VHDL/ramcon - vector_io.vhd" Line 224
# step
Stopped at time : 85 ns : File "C:/Users/Matze/Amiga/Hardwarehacks/gb_a1k_tk/Logik/RAM_Control/RAM_Control_VHDL/ramcon - vector_io.vhd" Line 225
# step
Stopped at time : 85 ns : File "C:/Users/Matze/Amiga/Hardwarehacks/gb_a1k_tk/Logik/RAM_Control/RAM_Control_VHDL/ramcon - vector_io.vhd" Line 226
# step
Stopped at time : 85 ns : File "C:/Users/Matze/Amiga/Hardwarehacks/gb_a1k_tk/Logik/RAM_Control/RAM_Control_VHDL/ramcon - vector_io.vhd" Line 227
# step
Stopped at time : 85 ns : File "C:/Users/Matze/Amiga/Hardwarehacks/gb_a1k_tk/Logik/RAM_Control/RAM_Control_VHDL/ramcon - vector_io.vhd" Line 228
# step
Stopped at time : 85 ns : File "C:/Users/Matze/Amiga/Hardwarehacks/gb_a1k_tk/Logik/RAM_Control/RAM_Control_VHDL/ramcon - vector_io.vhd" Line 229
# step
Stopped at time : 85 ns : File "C:/Users/Matze/Amiga/Hardwarehacks/gb_a1k_tk/Logik/RAM_Control/RAM_Control_VHDL/ramcon - vector_io.vhd" Line 230
# step
Stopped at time : 85 ns : File "C:/Users/Matze/Amiga/Hardwarehacks/gb_a1k_tk/Logik/RAM_Control/RAM_Control_VHDL/ramcon - vector_io.vhd" Line 231
# step
Stopped at time : 85 ns : File "C:/Users/Matze/Amiga/Hardwarehacks/gb_a1k_tk/Logik/RAM_Control/RAM_Control_VHDL/ramcon - vector_io.vhd" Line 232
# step
Stopped at time : 85 ns : File "C:/Users/Matze/Amiga/Hardwarehacks/gb_a1k_tk/Logik/RAM_Control/RAM_Control_VHDL/ramcon - vector_io.vhd" Line 233
# step
Stopped at time : 85 ns : File "C:/Users/Matze/Amiga/Hardwarehacks/gb_a1k_tk/Logik/RAM_Control/RAM_Control_VHDL/ramcon - vector_io.vhd" Line 134
# step
Stopped at time : 85 ns : File "C:/Users/Matze/Amiga/Hardwarehacks/gb_a1k_tk/Logik/RAM_Control/RAM_Control_VHDL/ramcon - vector_io.vhd" Line 189
# step
Stopped at time : 85 ns : File "C:/Users/Matze/Amiga/Hardwarehacks/gb_a1k_tk/Logik/RAM_Control/RAM_Control_VHDL/ramcon - vector_io.vhd" Line 194
# step
Stopped at time : 85 ns : File "C:/Users/Matze/Amiga/Hardwarehacks/gb_a1k_tk/Logik/RAM_Control/RAM_Control_VHDL/ramcon - vector_io.vhd" Line 202
# step
Stopped at time : 85 ns : File "C:/Users/Matze/Amiga/Hardwarehacks/gb_a1k_tk/Logik/RAM_Control/RAM_Control_VHDL/ramcon - vector_io.vhd" Line 216
# run 1.00us
Stopped at time : 95 ns : File "C:/Users/Matze/Amiga/Hardwarehacks/gb_a1k_tk/Logik/RAM_Control/RAM_Control_VHDL/ramcon - vector_io.vhd" Line 106
# step
Stopped at time : 95 ns : File "C:/Users/Matze/Amiga/Hardwarehacks/gb_a1k_tk/Logik/RAM_Control/RAM_Control_VHDL/ramcon - vector_io.vhd" Line 122
# step
Stopped at time : 95 ns : File "C:/Users/Matze/Amiga/Hardwarehacks/gb_a1k_tk/Logik/RAM_Control/RAM_Control_VHDL/ramcon - vector_io.vhd" Line 123
# step
Stopped at time : 95 ns : File "C:/Users/Matze/Amiga/Hardwarehacks/gb_a1k_tk/Logik/RAM_Control/RAM_Control_VHDL/ramcon - vector_io.vhd" Line 160
# step
Stopped at time : 95 ns : File "C:/Users/Matze/Amiga/Hardwarehacks/gb_a1k_tk/Logik/RAM_Control/RAM_Control_VHDL/ramcon - vector_io.vhd" Line 216
# step
Stopped at time : 95 ns : File "C:/Users/Matze/Amiga/Hardwarehacks/gb_a1k_tk/Logik/RAM_Control/RAM_Control_VHDL/ramcon - vector_io.vhd" Line 238
# step
Stopped at time : 95 ns : File "C:/Users/Matze/Amiga/Hardwarehacks/gb_a1k_tk/Logik/RAM_Control/RAM_Control_VHDL/ramcon - vector_io.vhd" Line 239
# step
Stopped at time : 95 ns : File "C:/Users/Matze/Amiga/Hardwarehacks/gb_a1k_tk/Logik/RAM_Control/RAM_Control_VHDL/ramcon - vector_io.vhd" Line 240
# step
Stopped at time : 95 ns : File "C:/Users/Matze/Amiga/Hardwarehacks/gb_a1k_tk/Logik/RAM_Control/RAM_Control_VHDL/ramcon - vector_io.vhd" Line 241
# step
Stopped at time : 95 ns : File "C:/Users/Matze/Amiga/Hardwarehacks/gb_a1k_tk/Logik/RAM_Control/RAM_Control_VHDL/ramcon - vector_io.vhd" Line 242
# step
Stopped at time : 95 ns : File "C:/Users/Matze/Amiga/Hardwarehacks/gb_a1k_tk/Logik/RAM_Control/RAM_Control_VHDL/ramcon - vector_io.vhd" Line 243
# step
Stopped at time : 95 ns : File "C:/Users/Matze/Amiga/Hardwarehacks/gb_a1k_tk/Logik/RAM_Control/RAM_Control_VHDL/ramcon - vector_io.vhd" Line 244
# step
Stopped at time : 95 ns : File "C:/Users/Matze/Amiga/Hardwarehacks/gb_a1k_tk/Logik/RAM_Control/RAM_Control_VHDL/ramcon - vector_io.vhd" Line 245
# step
Stopped at time : 95 ns : File "C:/Users/Matze/Amiga/Hardwarehacks/gb_a1k_tk/Logik/RAM_Control/RAM_Control_VHDL/ramcon - vector_io.vhd" Line 246
# step
Stopped at time : 95 ns : File "C:/Users/Matze/Amiga/Hardwarehacks/gb_a1k_tk/Logik/RAM_Control/RAM_Control_VHDL/ramcon - vector_io.vhd" Line 247
# step
Stopped at time : 95 ns : File "C:/Users/Matze/Amiga/Hardwarehacks/gb_a1k_tk/Logik/RAM_Control/RAM_Control_VHDL/ramcon - vector_io.vhd" Line 248
# step
Stopped at time : 95 ns : File "C:/Users/Matze/Amiga/Hardwarehacks/gb_a1k_tk/Logik/RAM_Control/RAM_Control_VHDL/ramcon - vector_io.vhd" Line 249
# step
Stopped at time : 95 ns : File "C:/Users/Matze/Amiga/Hardwarehacks/gb_a1k_tk/Logik/RAM_Control/RAM_Control_VHDL/ramcon - vector_io.vhd" Line 250
# step
Stopped at time : 95 ns : File "C:/Users/Matze/Amiga/Hardwarehacks/gb_a1k_tk/Logik/RAM_Control/RAM_Control_VHDL/ramcon - vector_io.vhd" Line 251
# step
Stopped at time : 95 ns : File "C:/Users/Matze/Amiga/Hardwarehacks/gb_a1k_tk/Logik/RAM_Control/RAM_Control_VHDL/ramcon - vector_io.vhd" Line 252
# step
Stopped at time : 95 ns : File "C:/Users/Matze/Amiga/Hardwarehacks/gb_a1k_tk/Logik/RAM_Control/RAM_Control_VHDL/ramcon - vector_io.vhd" Line 134
# step
Stopped at time : 95 ns : File "C:/Users/Matze/Amiga/Hardwarehacks/gb_a1k_tk/Logik/RAM_Control/RAM_Control_VHDL/ramcon - vector_io.vhd" Line 189
# step
Stopped at time : 95 ns : File "C:/Users/Matze/Amiga/Hardwarehacks/gb_a1k_tk/Logik/RAM_Control/RAM_Control_VHDL/ramcon - vector_io.vhd" Line 194
# step
Stopped at time : 95 ns : File "C:/Users/Matze/Amiga/Hardwarehacks/gb_a1k_tk/Logik/RAM_Control/RAM_Control_VHDL/ramcon - vector_io.vhd" Line 202
# step
Stopped at time : 95 ns : File "C:/Users/Matze/Amiga/Hardwarehacks/gb_a1k_tk/Logik/RAM_Control/RAM_Control_VHDL/ramcon - vector_io.vhd" Line 216
# step
Stopped at time : 95 ns : File "C:/Users/Matze/Amiga/Hardwarehacks/gb_a1k_tk/Logik/RAM_Control/RAM_Control_VHDL/ramcon - vector_io.vhd" Line 254
# step
Stopped at time : 95 ns : File "C:/Users/Matze/Amiga/Hardwarehacks/gb_a1k_tk/Logik/RAM_Control/RAM_Control_VHDL/ramcon - vector_io.vhd" Line 255
# step
Stopped at time : 95 ns : File "C:/Users/Matze/Amiga/Hardwarehacks/gb_a1k_tk/Logik/RAM_Control/RAM_Control_VHDL/ramcon - vector_io.vhd" Line 256
# step
Stopped at time : 95 ns : File "C:/Users/Matze/Amiga/Hardwarehacks/gb_a1k_tk/Logik/RAM_Control/RAM_Control_VHDL/ramcon - vector_io.vhd" Line 257
# step
Stopped at time : 95 ns : File "C:/Users/Matze/Amiga/Hardwarehacks/gb_a1k_tk/Logik/RAM_Control/RAM_Control_VHDL/ramcon - vector_io.vhd" Line 258
# step
Stopped at time : 95 ns : File "C:/Users/Matze/Amiga/Hardwarehacks/gb_a1k_tk/Logik/RAM_Control/RAM_Control_VHDL/ramcon - vector_io.vhd" Line 259
# step
Stopped at time : 95 ns : File "C:/Users/Matze/Amiga/Hardwarehacks/gb_a1k_tk/Logik/RAM_Control/RAM_Control_VHDL/ramcon - vector_io.vhd" Line 260
# step
Stopped at time : 95 ns : File "C:/Users/Matze/Amiga/Hardwarehacks/gb_a1k_tk/Logik/RAM_Control/RAM_Control_VHDL/ramcon - vector_io.vhd" Line 261
# step
Stopped at time : 95 ns : File "C:/Users/Matze/Amiga/Hardwarehacks/gb_a1k_tk/Logik/RAM_Control/RAM_Control_VHDL/ramcon - vector_io.vhd" Line 262
# step
Stopped at time : 95 ns : File "C:/Users/Matze/Amiga/Hardwarehacks/gb_a1k_tk/Logik/RAM_Control/RAM_Control_VHDL/ramcon - vector_io.vhd" Line 263
# step
Stopped at time : 95 ns : File "C:/Users/Matze/Amiga/Hardwarehacks/gb_a1k_tk/Logik/RAM_Control/RAM_Control_VHDL/ramcon - vector_io.vhd" Line 264
# step
Stopped at time : 95 ns : File "C:/Users/Matze/Amiga/Hardwarehacks/gb_a1k_tk/Logik/RAM_Control/RAM_Control_VHDL/ramcon - vector_io.vhd" Line 265
# step
Stopped at time : 95 ns : File "C:/Users/Matze/Amiga/Hardwarehacks/gb_a1k_tk/Logik/RAM_Control/RAM_Control_VHDL/ramcon - vector_io.vhd" Line 266
# step
Stopped at time : 95 ns : File "C:/Users/Matze/Amiga/Hardwarehacks/gb_a1k_tk/Logik/RAM_Control/RAM_Control_VHDL/ramcon - vector_io.vhd" Line 267
# step
Stopped at time : 95 ns : File "C:/Users/Matze/Amiga/Hardwarehacks/gb_a1k_tk/Logik/RAM_Control/RAM_Control_VHDL/ramcon - vector_io.vhd" Line 268
# step
Stopped at time : 95 ns : File "C:/Users/Matze/Amiga/Hardwarehacks/gb_a1k_tk/Logik/RAM_Control/RAM_Control_VHDL/ramcon - vector_io.vhd" Line 271
# step
Stopped at time : 95 ns : File "C:/Users/Matze/Amiga/Hardwarehacks/gb_a1k_tk/Logik/RAM_Control/RAM_Control_VHDL/ramcon - vector_io.vhd" Line 111
# step
Stopped at time : 95 ns : File "C:/Users/Matze/Amiga/Hardwarehacks/gb_a1k_tk/Logik/RAM_Control/RAM_Control_VHDL/ramcon - vector_io.vhd" Line 120
# step
Stopped at time : 95 ns : File "C:/Users/Matze/Amiga/Hardwarehacks/gb_a1k_tk/Logik/RAM_Control/RAM_Control_VHDL/ramcon - vector_io.vhd" Line 113
# step
Stopped at time : 95 ns : File "C:/Users/Matze/Amiga/Hardwarehacks/gb_a1k_tk/Logik/RAM_Control/RAM_Control_VHDL/ramcon - vector_io.vhd" Line 114
# step
Stopped at time : 95 ns : File "C:/Users/Matze/Amiga/Hardwarehacks/gb_a1k_tk/Logik/RAM_Control/RAM_Control_VHDL/ramcon - vector_io.vhd" Line 122
# step
Stopped at time : 100 ns : File "C:/Users/Matze/Amiga/Hardwarehacks/gb_a1k_tk/Logik/RAM_Control/RAM_Control_VHDL/RamCon-Test.vhd" Line 173
# step
Stopped at time : 100 ns : File "C:/Users/Matze/Amiga/Hardwarehacks/gb_a1k_tk/Logik/RAM_Control/RAM_Control_VHDL/RamCon-Test.vhd" Line 174
# step
Stopped at time : 100 ns : File "C:/Users/Matze/Amiga/Hardwarehacks/gb_a1k_tk/Logik/RAM_Control/RAM_Control_VHDL/RamCon-Test.vhd" Line 181
# step
Stopped at time : 100 ns : File "C:/Users/Matze/Amiga/Hardwarehacks/gb_a1k_tk/Logik/RAM_Control/RAM_Control_VHDL/RamCon-Test.vhd" Line 182
# step
Stopped at time : 100 ns : File "C:/Users/Matze/Amiga/Hardwarehacks/gb_a1k_tk/Logik/RAM_Control/RAM_Control_VHDL/ramcon - vector_io.vhd" Line 73
# step
Stopped at time : 100 ns : File "C:/Users/Matze/Amiga/Hardwarehacks/gb_a1k_tk/Logik/RAM_Control/RAM_Control_VHDL/ramcon - vector_io.vhd" Line 122
# step
Stopped at time : 100 ns : File "C:/Users/Matze/Amiga/Hardwarehacks/gb_a1k_tk/Logik/RAM_Control/RAM_Control_VHDL/ramcon - vector_io.vhd" Line 160
# step
Stopped at time : 100 ns : File "C:/Users/Matze/Amiga/Hardwarehacks/gb_a1k_tk/Logik/RAM_Control/RAM_Control_VHDL/ramcon - vector_io.vhd" Line 216
# step
Stopped at time : 100 ns : File "C:/Users/Matze/Amiga/Hardwarehacks/gb_a1k_tk/Logik/RAM_Control/RAM_Control_VHDL/ramcon - vector_io.vhd" Line 254
# step
Stopped at time : 100 ns : File "C:/Users/Matze/Amiga/Hardwarehacks/gb_a1k_tk/Logik/RAM_Control/RAM_Control_VHDL/ramcon - vector_io.vhd" Line 255
# step
Stopped at time : 100 ns : File "C:/Users/Matze/Amiga/Hardwarehacks/gb_a1k_tk/Logik/RAM_Control/RAM_Control_VHDL/ramcon - vector_io.vhd" Line 256
# step
Stopped at time : 100 ns : File "C:/Users/Matze/Amiga/Hardwarehacks/gb_a1k_tk/Logik/RAM_Control/RAM_Control_VHDL/ramcon - vector_io.vhd" Line 257
# step
Stopped at time : 100 ns : File "C:/Users/Matze/Amiga/Hardwarehacks/gb_a1k_tk/Logik/RAM_Control/RAM_Control_VHDL/ramcon - vector_io.vhd" Line 258
# step
Stopped at time : 100 ns : File "C:/Users/Matze/Amiga/Hardwarehacks/gb_a1k_tk/Logik/RAM_Control/RAM_Control_VHDL/ramcon - vector_io.vhd" Line 259
# step
Stopped at time : 100 ns : File "C:/Users/Matze/Amiga/Hardwarehacks/gb_a1k_tk/Logik/RAM_Control/RAM_Control_VHDL/ramcon - vector_io.vhd" Line 260
# step
Stopped at time : 100 ns : File "C:/Users/Matze/Amiga/Hardwarehacks/gb_a1k_tk/Logik/RAM_Control/RAM_Control_VHDL/ramcon - vector_io.vhd" Line 261
# step
Stopped at time : 100 ns : File "C:/Users/Matze/Amiga/Hardwarehacks/gb_a1k_tk/Logik/RAM_Control/RAM_Control_VHDL/ramcon - vector_io.vhd" Line 262
# step
Stopped at time : 100 ns : File "C:/Users/Matze/Amiga/Hardwarehacks/gb_a1k_tk/Logik/RAM_Control/RAM_Control_VHDL/ramcon - vector_io.vhd" Line 263
# step
Stopped at time : 100 ns : File "C:/Users/Matze/Amiga/Hardwarehacks/gb_a1k_tk/Logik/RAM_Control/RAM_Control_VHDL/ramcon - vector_io.vhd" Line 264
# step
Stopped at time : 100 ns : File "C:/Users/Matze/Amiga/Hardwarehacks/gb_a1k_tk/Logik/RAM_Control/RAM_Control_VHDL/ramcon - vector_io.vhd" Line 265
# step
Stopped at time : 100 ns : File "C:/Users/Matze/Amiga/Hardwarehacks/gb_a1k_tk/Logik/RAM_Control/RAM_Control_VHDL/ramcon - vector_io.vhd" Line 266
# step
Stopped at time : 100 ns : File "C:/Users/Matze/Amiga/Hardwarehacks/gb_a1k_tk/Logik/RAM_Control/RAM_Control_VHDL/ramcon - vector_io.vhd" Line 267
# step
Stopped at time : 100 ns : File "C:/Users/Matze/Amiga/Hardwarehacks/gb_a1k_tk/Logik/RAM_Control/RAM_Control_VHDL/ramcon - vector_io.vhd" Line 268
# step
Stopped at time : 100 ns : File "C:/Users/Matze/Amiga/Hardwarehacks/gb_a1k_tk/Logik/RAM_Control/RAM_Control_VHDL/ramcon - vector_io.vhd" Line 271
# step
Stopped at time : 105 ns : File "C:/Users/Matze/Amiga/Hardwarehacks/gb_a1k_tk/Logik/RAM_Control/RAM_Control_VHDL/RamCon-Test.vhd" Line 175
# step
Stopped at time : 105 ns : File "C:/Users/Matze/Amiga/Hardwarehacks/gb_a1k_tk/Logik/RAM_Control/RAM_Control_VHDL/RamCon-Test.vhd" Line 176
# step
Stopped at time : 105 ns : File "C:/Users/Matze/Amiga/Hardwarehacks/gb_a1k_tk/Logik/RAM_Control/RAM_Control_VHDL/RamCon-Test.vhd" Line 183
# step
Stopped at time : 105 ns : File "C:/Users/Matze/Amiga/Hardwarehacks/gb_a1k_tk/Logik/RAM_Control/RAM_Control_VHDL/RamCon-Test.vhd" Line 184
# step
Stopped at time : 105 ns : File "C:/Users/Matze/Amiga/Hardwarehacks/gb_a1k_tk/Logik/RAM_Control/RAM_Control_VHDL/ramcon - vector_io.vhd" Line 73
# step
Stopped at time : 105 ns : File "C:/Users/Matze/Amiga/Hardwarehacks/gb_a1k_tk/Logik/RAM_Control/RAM_Control_VHDL/ramcon - vector_io.vhd" Line 91
# step
Stopped at time : 105 ns : File "C:/Users/Matze/Amiga/Hardwarehacks/gb_a1k_tk/Logik/RAM_Control/RAM_Control_VHDL/ramcon - vector_io.vhd" Line 92
# step
Stopped at time : 105 ns : File "C:/Users/Matze/Amiga/Hardwarehacks/gb_a1k_tk/Logik/RAM_Control/RAM_Control_VHDL/ramcon - vector_io.vhd" Line 93
# step
Stopped at time : 105 ns : File "C:/Users/Matze/Amiga/Hardwarehacks/gb_a1k_tk/Logik/RAM_Control/RAM_Control_VHDL/ramcon - vector_io.vhd" Line 94
# step
Stopped at time : 105 ns : File "C:/Users/Matze/Amiga/Hardwarehacks/gb_a1k_tk/Logik/RAM_Control/RAM_Control_VHDL/ramcon - vector_io.vhd" Line 95
# step
Stopped at time : 105 ns : File "C:/Users/Matze/Amiga/Hardwarehacks/gb_a1k_tk/Logik/RAM_Control/RAM_Control_VHDL/ramcon - vector_io.vhd" Line 96
# step
Stopped at time : 105 ns : File "C:/Users/Matze/Amiga/Hardwarehacks/gb_a1k_tk/Logik/RAM_Control/RAM_Control_VHDL/ramcon - vector_io.vhd" Line 97
# run all
Stopped at time : 105 ns : File "C:/Users/Matze/Amiga/Hardwarehacks/gb_a1k_tk/Logik/RAM_Control/RAM_Control_VHDL/ramcon - vector_io.vhd" Line 106
# run all
Stopped at time : 115 ns : File "C:/Users/Matze/Amiga/Hardwarehacks/gb_a1k_tk/Logik/RAM_Control/RAM_Control_VHDL/ramcon - vector_io.vhd" Line 106
# step
Stopped at time : 115 ns : File "C:/Users/Matze/Amiga/Hardwarehacks/gb_a1k_tk/Logik/RAM_Control/RAM_Control_VHDL/ramcon - vector_io.vhd" Line 122
# restart
# run all
Simulator is doing circuit initialization process.
Finished circuit initialization process.
Stopped at time : 35 ns : File "C:/Users/Matze/Amiga/Hardwarehacks/gb_a1k_tk/Logik/RAM_Control/RAM_Control_VHDL/ramcon - vector_io.vhd" Line 106
# step
Stopped at time : 35 ns : File "C:/Users/Matze/Amiga/Hardwarehacks/gb_a1k_tk/Logik/RAM_Control/RAM_Control_VHDL/ramcon - vector_io.vhd" Line 122
# step
Stopped at time : 35 ns : File "C:/Users/Matze/Amiga/Hardwarehacks/gb_a1k_tk/Logik/RAM_Control/RAM_Control_VHDL/ramcon - vector_io.vhd" Line 125
# run all
Stopped at time : 80 ns : File "C:/Users/Matze/Amiga/Hardwarehacks/gb_a1k_tk/Logik/RAM_Control/RAM_Control_VHDL/ramcon - vector_io.vhd" Line 233
# step
Stopped at time : 80 ns : File "C:/Users/Matze/Amiga/Hardwarehacks/gb_a1k_tk/Logik/RAM_Control/RAM_Control_VHDL/ramcon - vector_io.vhd" Line 73
# step
Stopped at time : 80 ns : File "C:/Users/Matze/Amiga/Hardwarehacks/gb_a1k_tk/Logik/RAM_Control/RAM_Control_VHDL/ramcon - vector_io.vhd" Line 122
# step
Stopped at time : 80 ns : File "C:/Users/Matze/Amiga/Hardwarehacks/gb_a1k_tk/Logik/RAM_Control/RAM_Control_VHDL/ramcon - vector_io.vhd" Line 160
# step
Stopped at time : 85 ns : File "C:/Users/Matze/Amiga/Hardwarehacks/gb_a1k_tk/Logik/RAM_Control/RAM_Control_VHDL/RamCon-Test.vhd" Line 175
# step
Stopped at time : 85 ns : File "C:/Users/Matze/Amiga/Hardwarehacks/gb_a1k_tk/Logik/RAM_Control/RAM_Control_VHDL/RamCon-Test.vhd" Line 176
# step
Stopped at time : 85 ns : File "C:/Users/Matze/Amiga/Hardwarehacks/gb_a1k_tk/Logik/RAM_Control/RAM_Control_VHDL/RamCon-Test.vhd" Line 183
# step
Stopped at time : 85 ns : File "C:/Users/Matze/Amiga/Hardwarehacks/gb_a1k_tk/Logik/RAM_Control/RAM_Control_VHDL/RamCon-Test.vhd" Line 184
# step
Stopped at time : 85 ns : File "C:/Users/Matze/Amiga/Hardwarehacks/gb_a1k_tk/Logik/RAM_Control/RAM_Control_VHDL/ramcon - vector_io.vhd" Line 73
# step
Stopped at time : 85 ns : File "C:/Users/Matze/Amiga/Hardwarehacks/gb_a1k_tk/Logik/RAM_Control/RAM_Control_VHDL/ramcon - vector_io.vhd" Line 91
# step
Stopped at time : 85 ns : File "C:/Users/Matze/Amiga/Hardwarehacks/gb_a1k_tk/Logik/RAM_Control/RAM_Control_VHDL/ramcon - vector_io.vhd" Line 92
# step
Stopped at time : 85 ns : File "C:/Users/Matze/Amiga/Hardwarehacks/gb_a1k_tk/Logik/RAM_Control/RAM_Control_VHDL/ramcon - vector_io.vhd" Line 93
# step
Stopped at time : 85 ns : File "C:/Users/Matze/Amiga/Hardwarehacks/gb_a1k_tk/Logik/RAM_Control/RAM_Control_VHDL/ramcon - vector_io.vhd" Line 94
# step
Stopped at time : 85 ns : File "C:/Users/Matze/Amiga/Hardwarehacks/gb_a1k_tk/Logik/RAM_Control/RAM_Control_VHDL/ramcon - vector_io.vhd" Line 95
# step
Stopped at time : 85 ns : File "C:/Users/Matze/Amiga/Hardwarehacks/gb_a1k_tk/Logik/RAM_Control/RAM_Control_VHDL/ramcon - vector_io.vhd" Line 96
# step
Stopped at time : 85 ns : File "C:/Users/Matze/Amiga/Hardwarehacks/gb_a1k_tk/Logik/RAM_Control/RAM_Control_VHDL/ramcon - vector_io.vhd" Line 97
# step
Stopped at time : 85 ns : File "C:/Users/Matze/Amiga/Hardwarehacks/gb_a1k_tk/Logik/RAM_Control/RAM_Control_VHDL/ramcon - vector_io.vhd" Line 98
# step
Stopped at time : 85 ns : File "C:/Users/Matze/Amiga/Hardwarehacks/gb_a1k_tk/Logik/RAM_Control/RAM_Control_VHDL/ramcon - vector_io.vhd" Line 99
# step
Stopped at time : 85 ns : File "C:/Users/Matze/Amiga/Hardwarehacks/gb_a1k_tk/Logik/RAM_Control/RAM_Control_VHDL/ramcon - vector_io.vhd" Line 100
# step
Stopped at time : 85 ns : File "C:/Users/Matze/Amiga/Hardwarehacks/gb_a1k_tk/Logik/RAM_Control/RAM_Control_VHDL/ramcon - vector_io.vhd" Line 101
# step
Stopped at time : 85 ns : File "C:/Users/Matze/Amiga/Hardwarehacks/gb_a1k_tk/Logik/RAM_Control/RAM_Control_VHDL/ramcon - vector_io.vhd" Line 102
# step
Stopped at time : 85 ns : File "C:/Users/Matze/Amiga/Hardwarehacks/gb_a1k_tk/Logik/RAM_Control/RAM_Control_VHDL/ramcon - vector_io.vhd" Line 103
# step
Stopped at time : 85 ns : File "C:/Users/Matze/Amiga/Hardwarehacks/gb_a1k_tk/Logik/RAM_Control/RAM_Control_VHDL/ramcon - vector_io.vhd" Line 104
# step
Stopped at time : 85 ns : File "C:/Users/Matze/Amiga/Hardwarehacks/gb_a1k_tk/Logik/RAM_Control/RAM_Control_VHDL/ramcon - vector_io.vhd" Line 105
# step
Stopped at time : 85 ns : File "C:/Users/Matze/Amiga/Hardwarehacks/gb_a1k_tk/Logik/RAM_Control/RAM_Control_VHDL/ramcon - vector_io.vhd" Line 106
# step
Stopped at time : 85 ns : File "C:/Users/Matze/Amiga/Hardwarehacks/gb_a1k_tk/Logik/RAM_Control/RAM_Control_VHDL/ramcon - vector_io.vhd" Line 122
# step
Stopped at time : 85 ns : File "C:/Users/Matze/Amiga/Hardwarehacks/gb_a1k_tk/Logik/RAM_Control/RAM_Control_VHDL/ramcon - vector_io.vhd" Line 125
# step
Stopped at time : 85 ns : File "C:/Users/Matze/Amiga/Hardwarehacks/gb_a1k_tk/Logik/RAM_Control/RAM_Control_VHDL/ramcon - vector_io.vhd" Line 126
# step
Stopped at time : 85 ns : File "C:/Users/Matze/Amiga/Hardwarehacks/gb_a1k_tk/Logik/RAM_Control/RAM_Control_VHDL/ramcon - vector_io.vhd" Line 160
# step
Stopped at time : 85 ns : File "C:/Users/Matze/Amiga/Hardwarehacks/gb_a1k_tk/Logik/RAM_Control/RAM_Control_VHDL/ramcon - vector_io.vhd" Line 216
# step
Stopped at time : 85 ns : File "C:/Users/Matze/Amiga/Hardwarehacks/gb_a1k_tk/Logik/RAM_Control/RAM_Control_VHDL/ramcon - vector_io.vhd" Line 218
# step
Stopped at time : 85 ns : File "C:/Users/Matze/Amiga/Hardwarehacks/gb_a1k_tk/Logik/RAM_Control/RAM_Control_VHDL/ramcon - vector_io.vhd" Line 219
# step
Stopped at time : 85 ns : File "C:/Users/Matze/Amiga/Hardwarehacks/gb_a1k_tk/Logik/RAM_Control/RAM_Control_VHDL/ramcon - vector_io.vhd" Line 220
# step
Stopped at time : 85 ns : File "C:/Users/Matze/Amiga/Hardwarehacks/gb_a1k_tk/Logik/RAM_Control/RAM_Control_VHDL/ramcon - vector_io.vhd" Line 221
# step
Stopped at time : 85 ns : File "C:/Users/Matze/Amiga/Hardwarehacks/gb_a1k_tk/Logik/RAM_Control/RAM_Control_VHDL/ramcon - vector_io.vhd" Line 222
# step
Stopped at time : 85 ns : File "C:/Users/Matze/Amiga/Hardwarehacks/gb_a1k_tk/Logik/RAM_Control/RAM_Control_VHDL/ramcon - vector_io.vhd" Line 223
# step
Stopped at time : 85 ns : File "C:/Users/Matze/Amiga/Hardwarehacks/gb_a1k_tk/Logik/RAM_Control/RAM_Control_VHDL/ramcon - vector_io.vhd" Line 224
# step
Stopped at time : 85 ns : File "C:/Users/Matze/Amiga/Hardwarehacks/gb_a1k_tk/Logik/RAM_Control/RAM_Control_VHDL/ramcon - vector_io.vhd" Line 225
# step
Stopped at time : 85 ns : File "C:/Users/Matze/Amiga/Hardwarehacks/gb_a1k_tk/Logik/RAM_Control/RAM_Control_VHDL/ramcon - vector_io.vhd" Line 226
# step
Stopped at time : 85 ns : File "C:/Users/Matze/Amiga/Hardwarehacks/gb_a1k_tk/Logik/RAM_Control/RAM_Control_VHDL/ramcon - vector_io.vhd" Line 227
# step
Stopped at time : 85 ns : File "C:/Users/Matze/Amiga/Hardwarehacks/gb_a1k_tk/Logik/RAM_Control/RAM_Control_VHDL/ramcon - vector_io.vhd" Line 228
# step
Stopped at time : 85 ns : File "C:/Users/Matze/Amiga/Hardwarehacks/gb_a1k_tk/Logik/RAM_Control/RAM_Control_VHDL/ramcon - vector_io.vhd" Line 229
# step
Stopped at time : 85 ns : File "C:/Users/Matze/Amiga/Hardwarehacks/gb_a1k_tk/Logik/RAM_Control/RAM_Control_VHDL/ramcon - vector_io.vhd" Line 230
# step
Stopped at time : 85 ns : File "C:/Users/Matze/Amiga/Hardwarehacks/gb_a1k_tk/Logik/RAM_Control/RAM_Control_VHDL/ramcon - vector_io.vhd" Line 231
# step
Stopped at time : 85 ns : File "C:/Users/Matze/Amiga/Hardwarehacks/gb_a1k_tk/Logik/RAM_Control/RAM_Control_VHDL/ramcon - vector_io.vhd" Line 232
# step
Stopped at time : 85 ns : File "C:/Users/Matze/Amiga/Hardwarehacks/gb_a1k_tk/Logik/RAM_Control/RAM_Control_VHDL/ramcon - vector_io.vhd" Line 233
# step
Stopped at time : 85 ns : File "C:/Users/Matze/Amiga/Hardwarehacks/gb_a1k_tk/Logik/RAM_Control/RAM_Control_VHDL/ramcon - vector_io.vhd" Line 134
# step
Stopped at time : 85 ns : File "C:/Users/Matze/Amiga/Hardwarehacks/gb_a1k_tk/Logik/RAM_Control/RAM_Control_VHDL/ramcon - vector_io.vhd" Line 189
# step
Stopped at time : 85 ns : File "C:/Users/Matze/Amiga/Hardwarehacks/gb_a1k_tk/Logik/RAM_Control/RAM_Control_VHDL/ramcon - vector_io.vhd" Line 194
# step
Stopped at time : 85 ns : File "C:/Users/Matze/Amiga/Hardwarehacks/gb_a1k_tk/Logik/RAM_Control/RAM_Control_VHDL/ramcon - vector_io.vhd" Line 202
# step
Stopped at time : 85 ns : File "C:/Users/Matze/Amiga/Hardwarehacks/gb_a1k_tk/Logik/RAM_Control/RAM_Control_VHDL/ramcon - vector_io.vhd" Line 216
# step
Stopped at time : 85 ns : File "C:/Users/Matze/Amiga/Hardwarehacks/gb_a1k_tk/Logik/RAM_Control/RAM_Control_VHDL/ramcon - vector_io.vhd" Line 238
# step
Stopped at time : 85 ns : File "C:/Users/Matze/Amiga/Hardwarehacks/gb_a1k_tk/Logik/RAM_Control/RAM_Control_VHDL/ramcon - vector_io.vhd" Line 239
# step
Stopped at time : 85 ns : File "C:/Users/Matze/Amiga/Hardwarehacks/gb_a1k_tk/Logik/RAM_Control/RAM_Control_VHDL/ramcon - vector_io.vhd" Line 240
# step
Stopped at time : 85 ns : File "C:/Users/Matze/Amiga/Hardwarehacks/gb_a1k_tk/Logik/RAM_Control/RAM_Control_VHDL/ramcon - vector_io.vhd" Line 241
# step
Stopped at time : 85 ns : File "C:/Users/Matze/Amiga/Hardwarehacks/gb_a1k_tk/Logik/RAM_Control/RAM_Control_VHDL/ramcon - vector_io.vhd" Line 242
# step
Stopped at time : 85 ns : File "C:/Users/Matze/Amiga/Hardwarehacks/gb_a1k_tk/Logik/RAM_Control/RAM_Control_VHDL/ramcon - vector_io.vhd" Line 243
# step
Stopped at time : 85 ns : File "C:/Users/Matze/Amiga/Hardwarehacks/gb_a1k_tk/Logik/RAM_Control/RAM_Control_VHDL/ramcon - vector_io.vhd" Line 244
# step
Stopped at time : 85 ns : File "C:/Users/Matze/Amiga/Hardwarehacks/gb_a1k_tk/Logik/RAM_Control/RAM_Control_VHDL/ramcon - vector_io.vhd" Line 245
# step
Stopped at time : 85 ns : File "C:/Users/Matze/Amiga/Hardwarehacks/gb_a1k_tk/Logik/RAM_Control/RAM_Control_VHDL/ramcon - vector_io.vhd" Line 246
# step
Stopped at time : 85 ns : File "C:/Users/Matze/Amiga/Hardwarehacks/gb_a1k_tk/Logik/RAM_Control/RAM_Control_VHDL/ramcon - vector_io.vhd" Line 247
# step
Stopped at time : 85 ns : File "C:/Users/Matze/Amiga/Hardwarehacks/gb_a1k_tk/Logik/RAM_Control/RAM_Control_VHDL/ramcon - vector_io.vhd" Line 248
# step
Stopped at time : 85 ns : File "C:/Users/Matze/Amiga/Hardwarehacks/gb_a1k_tk/Logik/RAM_Control/RAM_Control_VHDL/ramcon - vector_io.vhd" Line 249
# step
Stopped at time : 85 ns : File "C:/Users/Matze/Amiga/Hardwarehacks/gb_a1k_tk/Logik/RAM_Control/RAM_Control_VHDL/ramcon - vector_io.vhd" Line 250
# step
Stopped at time : 85 ns : File "C:/Users/Matze/Amiga/Hardwarehacks/gb_a1k_tk/Logik/RAM_Control/RAM_Control_VHDL/ramcon - vector_io.vhd" Line 251
# step
Stopped at time : 85 ns : File "C:/Users/Matze/Amiga/Hardwarehacks/gb_a1k_tk/Logik/RAM_Control/RAM_Control_VHDL/ramcon - vector_io.vhd" Line 252
# step
Stopped at time : 85 ns : File "C:/Users/Matze/Amiga/Hardwarehacks/gb_a1k_tk/Logik/RAM_Control/RAM_Control_VHDL/ramcon - vector_io.vhd" Line 120
# step
Stopped at time : 85 ns : File "C:/Users/Matze/Amiga/Hardwarehacks/gb_a1k_tk/Logik/RAM_Control/RAM_Control_VHDL/ramcon - vector_io.vhd" Line 122
# step
Stopped at time : 85 ns : File "C:/Users/Matze/Amiga/Hardwarehacks/gb_a1k_tk/Logik/RAM_Control/RAM_Control_VHDL/ramcon - vector_io.vhd" Line 123
# step
Stopped at time : 90 ns : File "C:/Users/Matze/Amiga/Hardwarehacks/gb_a1k_tk/Logik/RAM_Control/RAM_Control_VHDL/RamCon-Test.vhd" Line 173
# step
Stopped at time : 90 ns : File "C:/Users/Matze/Amiga/Hardwarehacks/gb_a1k_tk/Logik/RAM_Control/RAM_Control_VHDL/RamCon-Test.vhd" Line 174
# step
Stopped at time : 90 ns : File "C:/Users/Matze/Amiga/Hardwarehacks/gb_a1k_tk/Logik/RAM_Control/RAM_Control_VHDL/RamCon-Test.vhd" Line 181
