Release 14.6 - xst P.68d (nt64)
Copyright (c) 1995-2013 Xilinx, Inc.  All rights reserved.
--> Parameter TMPDIR set to xst/projnav.tmp


Total REAL time to Xst completion: 0.00 secs
Total CPU time to Xst completion: 0.11 secs
 
--> Parameter xsthdpdir set to xst


Total REAL time to Xst completion: 0.00 secs
Total CPU time to Xst completion: 0.11 secs
 
--> Reading design: control.prj

TABLE OF CONTENTS
  1) Synthesis Options Summary
  2) HDL Compilation
  3) Design Hierarchy Analysis
  4) HDL Analysis
  5) HDL Synthesis
     5.1) HDL Synthesis Report
  6) Advanced HDL Synthesis
     6.1) Advanced HDL Synthesis Report
  7) Low Level Synthesis
  8) Partition Report
  9) Final Report

=========================================================================
*                      Synthesis Options Summary                        *
=========================================================================
---- Source Parameters
Input File Name                    : "control.prj"
Input Format                       : mixed
Ignore Synthesis Constraint File   : NO

---- Target Parameters
Output File Name                   : "control"
Output Format                      : NGC
Target Device                      : XC9500XL CPLDs

---- Source Options
Top Module Name                    : control
Automatic FSM Extraction           : YES
FSM Encoding Algorithm             : Auto
Safe Implementation                : Yes
CASE Implementation Style          : Full
Mux Extraction                     : Yes
Resource Sharing                   : YES

---- Target Options
Add IO Buffers                     : YES
MACRO Preserve                     : YES
XOR Preserve                       : YES
Equivalent register Removal        : YES

---- General Options
Optimization Goal                  : Speed
Optimization Effort                : 2
Keep Hierarchy                     : Yes
Netlist Hierarchy                  : As_Optimized
RTL Output                         : Yes
Hierarchy Separator                : /
Bus Delimiter                      : <>
Case Specifier                     : Maintain
Verilog 2001                       : YES

---- Other Options
Clock Enable                       : YES
wysiwyg                            : NO

=========================================================================


=========================================================================
*                          HDL Compilation                              *
=========================================================================
Compiling vhdl file "C:/Users/Matze/Amiga/Hardwarehacks/gb_a1k_tk/Logik/Card_Control/Card_control-VHDL/control-2.vhd" in Library work.
Entity <control> compiled.
Entity <control> (Architecture <Behavioral>) compiled.

=========================================================================
*                     Design Hierarchy Analysis                         *
=========================================================================
Analyzing hierarchy for entity <control> in library <work> (architecture <Behavioral>).


=========================================================================
*                            HDL Analysis                               *
=========================================================================
Analyzing Entity <control> in library <work> (Architecture <Behavioral>).
Entity <control> analyzed. Unit <control> generated.


=========================================================================
*                           HDL Synthesis                               *
=========================================================================

Performing bidirectional port resolution...
INFO:Xst:2561 - Always blocking tristate driving signal <CLK30> in unit <control> is removed.

Synthesizing Unit <control>.
    Related source file is "C:/Users/Matze/Amiga/Hardwarehacks/gb_a1k_tk/Logik/Card_Control/Card_control-VHDL/control-2.vhd".
WARNING:Xst:647 - Input <BGACK30> is never used. This port will be preserved and left unconnected if it belongs to a top-level block or it belongs to a sub-block and the hierarchy of this sub-block is preserved.
WARNING:Xst:647 - Input <LOCKE40> is never used. This port will be preserved and left unconnected if it belongs to a top-level block or it belongs to a sub-block and the hierarchy of this sub-block is preserved.
WARNING:Xst:647 - Input <LOCK40> is never used. This port will be preserved and left unconnected if it belongs to a top-level block or it belongs to a sub-block and the hierarchy of this sub-block is preserved.
WARNING:Xst:647 - Input <OSC_CLK> is never used. This port will be preserved and left unconnected if it belongs to a top-level block or it belongs to a sub-block and the hierarchy of this sub-block is preserved.
WARNING:Xst:1306 - Output <BG30> is never assigned.
WARNING:Xst:1306 - Output <BG40> is never assigned.
WARNING:Xst:647 - Input <CIOUT40> is never used. This port will be preserved and left unconnected if it belongs to a top-level block or it belongs to a sub-block and the hierarchy of this sub-block is preserved.
WARNING:Xst:1306 - Output <A_OE> is never assigned.
WARNING:Xst:647 - Input <BB40> is never used. This port will be preserved and left unconnected if it belongs to a top-level block or it belongs to a sub-block and the hierarchy of this sub-block is preserved.
WARNING:Xst:647 - Input <BR30> is never used. This port will be preserved and left unconnected if it belongs to a top-level block or it belongs to a sub-block and the hierarchy of this sub-block is preserved.
WARNING:Xst:647 - Input <BR40> is never used. This port will be preserved and left unconnected if it belongs to a top-level block or it belongs to a sub-block and the hierarchy of this sub-block is preserved.
WARNING:Xst:1780 - Signal <DMA_SM> is never used or assigned. This unconnected signal will be trimmed during the optimization process.
WARNING:Xst:1780 - Signal <CLK30_RING> is never used or assigned. This unconnected signal will be trimmed during the optimization process.
WARNING:Xst:1780 - Signal <BR30_Q> is never used or assigned. This unconnected signal will be trimmed during the optimization process.
WARNING:Xst:1780 - Signal <BGACK30_Q> is never used or assigned. This unconnected signal will be trimmed during the optimization process.
    Register <SCLK_SIG> equivalent to <BCLK040_SIG> has been removed
    Register <PCLK> equivalent to <CLK_BS> has been removed
    Register <TERM> equivalent to <LE_BS_SIG> has been removed
    Found finite state machine <FSM_0> for signal <SM_030_N>.
    -----------------------------------------------------------------------
    | States             | 3                                              |
    | Transitions        | 8                                              |
    | Inputs             | 5                                              |
    | Outputs            | 3                                              |
    | Clock              | CLK30_SM                  (falling_edge)       |
    | Reset              | RSTI40_SIG                (negative)           |
    | Reset type         | asynchronous                                   |
    | Reset State        | s1                                             |
    | Power Up State     | s5                                             |
    | Recovery State     | s1                                             |
    | Encoding           | automatic                                      |
    | Implementation     | automatic                                      |
    -----------------------------------------------------------------------
    Found finite state machine <FSM_1> for signal <SM_030_P>.
    -----------------------------------------------------------------------
    | States             | 3                                              |
    | Transitions        | 8                                              |
    | Inputs             | 5                                              |
    | Outputs            | 3                                              |
    | Clock              | CLK30_SM                  (rising_edge)        |
    | Reset              | RSTI40_SIG                (negative)           |
    | Reset type         | asynchronous                                   |
    | Reset State        | s0                                             |
    | Power Up State     | s0                                             |
    | Recovery State     | s0                                             |
    | Encoding           | automatic                                      |
    | Implementation     | automatic                                      |
    -----------------------------------------------------------------------
    Found finite state machine <FSM_2> for signal <SIZING>.
    -----------------------------------------------------------------------
    | States             | 6                                              |
    | Transitions        | 35                                             |
    | Inputs             | 10                                             |
    | Outputs            | 12                                             |
    | Clock              | CLK30_SM                  (rising_edge)        |
    | Reset              | RSTI40_SIG                (negative)           |
    | Reset type         | asynchronous                                   |
    | Reset State        | idle                                           |
    | Power Up State     | idle                                           |
    | Recovery State     | idle                                           |
    | Encoding           | automatic                                      |
    | Implementation     | automatic                                      |
    -----------------------------------------------------------------------
    Found 1-bit tristate buffer for signal <PLL_S<1>>.
    Found 1-bit register for signal <CLK_BS>.
    Found 1-bit tristate buffer for signal <AS30>.
    Found 1-bit tristate buffer for signal <DS30>.
    Found 1-bit tristate buffer for signal <RESET30>.
    Found 1-bit tristate buffer for signal <TCI40>.
    Found 1-bit tristate buffer for signal <TA40>.
    Found 1-bit register for signal <AS30_SIG>.
    Found 1-bit register for signal <BCLK040_SIG>.
    Found 1-bit register for signal <BCLK060_SIG>.
    Found 1-bit xor2 for signal <BCLK060_SIG$xor0000> created at line 246.
    Found 1-bit register for signal <CLK30_SIG>.
    Found 1-bit xor2 for signal <CLK30_SIG$xor0000> created at line 238.
    Found 1-bit register for signal <CLK_RAMC_SIG>.
    Found 1-bit register for signal <DS30_SIG>.
    Found 2-bit register for signal <DSACK_VALID>.
    Found 1-bit register for signal <LE_BS_SIG>.
    Found 1-bit register for signal <RSTI40_SIG>.
    Found 1-bit register for signal <RSTINT>.
    Found 1-bit register for signal <TACK>.
    Found 1-bit register for signal <TACK_D0>.
    Found 2-bit register for signal <TERM_P_D>.
    Found 1-bit register for signal <TIP>.
    Found 1-bit register for signal <TRANSFER_START>.
    Found 1-bit register for signal <TS40_D0>.
    Summary:
	inferred   3 Finite State Machine(s).
	inferred  15 D-type flip-flop(s).
	inferred   2 Xor(s).
	inferred   6 Tristate(s).
Unit <control> synthesized.


=========================================================================
HDL Synthesis Report

Macro Statistics
# Registers                                            : 18
 1-bit register                                        : 17
 2-bit register                                        : 1
# Tristates                                            : 6
 1-bit tristate buffer                                 : 6
# Xors                                                 : 2
 1-bit xor2                                            : 2

=========================================================================

=========================================================================
*                       Advanced HDL Synthesis                          *
=========================================================================

Analyzing FSM <FSM_2> for best encoding.
Optimizing FSM <SIZING/FSM> on signal <SIZING[1:3]> with user encoding.
--------------------------
 State        | Encoding
--------------------------
 idle         | 000
 size_decode  | 001
 get_byte2    | 010
 get_byte1    | 011
 get_low_word | 100
 cycle_end    | 101
--------------------------
Analyzing FSM <FSM_1> for best encoding.
Optimizing FSM <SM_030_P/FSM> on signal <SM_030_P[1:2]> with user encoding.
-------------------
 State | Encoding
-------------------
 s0    | 00
 s2    | 01
 s4    | 10
-------------------
Analyzing FSM <FSM_0> for best encoding.
Optimizing FSM <SM_030_N/FSM> on signal <SM_030_N[1:2]> with johnson encoding.
-------------------
 State | Encoding
-------------------
 s1    | 01
 s3    | 11
 s5    | 00
-------------------

=========================================================================
Advanced HDL Synthesis Report

Macro Statistics
# FSMs                                                 : 3
# Registers                                            : 15
 Flip-Flops                                            : 15

=========================================================================

=========================================================================
*                         Low Level Synthesis                           *
=========================================================================
INFO:Xst:2261 - The FF/Latch <CLK_RAMC_SIG> in Unit <control> is equivalent to the following FF/Latch, which will be removed : <CLK_BS> 

Optimizing unit <control> ...
  implementation constraint: INIT=r	 : TACK_D0
  implementation constraint: INIT=r	 : SM_030_N_FSM_FFd1
  implementation constraint: INIT=r	 : AS30_SIG
  implementation constraint: INIT=r	 : SM_030_N_FSM_FFd2
  implementation constraint: INIT=r	 : CLK30_SIG
  implementation constraint: INIT=r	 : BCLK040_SIG
  implementation constraint: INIT=r	 : SM_030_P_FSM_FFd1
  implementation constraint: INIT=r	 : SM_030_P_FSM_FFd2
  implementation constraint: INIT=r	 : TRANSFER_START
  implementation constraint: INIT=r	 : SIZING_FSM_FFd3
  implementation constraint: INIT=r	 : CLK_RAMC_SIG
  implementation constraint: INIT=r	 : SIZING_FSM_FFd2
  implementation constraint: INIT=r	 : TIP
  implementation constraint: INIT=r	 : TACK
  implementation constraint: INIT=r	 : RSTINT
  implementation constraint: INIT=r	 : RSTI40_SIG
  implementation constraint: INIT=r	 : LE_BS_SIG
  implementation constraint: INIT=r	 : DSACK_VALID_0
  implementation constraint: INIT=r	 : TS40_D0
  implementation constraint: INIT=r	 : SIZING_FSM_FFd1
  implementation constraint: INIT=r	 : DS30_SIG
  implementation constraint: INIT=r	 : DSACK_VALID_1
  implementation constraint: INIT=r	 : BCLK060_SIG

=========================================================================
*                           Partition Report                            *
=========================================================================

Partition Implementation Status
-------------------------------

  No Partitions were found in this design.

-------------------------------

=========================================================================
*                            Final Report                               *
=========================================================================
Final Results
RTL Top Level Output File Name     : control.ngr
Top Level Output File Name         : control
Output Format                      : NGC
Optimization Goal                  : Speed
Keep Hierarchy                     : Yes
Target Technology                  : XC9500XL CPLDs
Macro Preserve                     : YES
XOR Preserve                       : YES
Clock Enable                       : YES
wysiwyg                            : NO

Design Statistics
# IOs                              : 72

Cell Usage :
# BELS                             : 355
#      AND2                        : 101
#      AND3                        : 25
#      AND4                        : 2
#      GND                         : 1
#      INV                         : 146
#      OR2                         : 64
#      OR3                         : 6
#      OR4                         : 2
#      OR5                         : 3
#      VCC                         : 1
#      XOR2                        : 4
# FlipFlops/Latches                : 25
#      FD                          : 6
#      FDC                         : 9
#      FDCE                        : 2
#      FDP                         : 7
#      FDPE                        : 1
# IO Buffers                       : 61
#      IBUF                        : 24
#      IOBUFE                      : 1
#      OBUF                        : 31
#      OBUFE                       : 5
=========================================================================


Total REAL time to Xst completion: 7.00 secs
Total CPU time to Xst completion: 7.75 secs
 
--> 

Total memory usage is 306544 kilobytes

Number of errors   :    0 (   0 filtered)
Number of warnings :   15 (   0 filtered)
Number of infos    :    2 (   0 filtered)

