Running: fuse.exe -relaunch -intstyle "ise" -incremental -o "C:/Users/Matze/Amiga/Hardwarehacks/gb_a1k_tk/Logik/Card_Control/Card_control-VHDL/card_controll_test_isim_beh.exe" -prj "C:/Users/Matze/Amiga/Hardwarehacks/gb_a1k_tk/Logik/Card_Control/Card_control-VHDL/card_controll_test_beh.prj" "work.card_controll_test" 
ISim P.68d (signature 0x7708f090)
Number of CPUs detected in this system: 6
Turning on mult-threading, number of parallel sub-compilation jobs: 12 
Determining compilation order of HDL files
Parsing VHDL file "C:/Users/Matze/Amiga/Hardwarehacks/gb_a1k_tk/Logik/Card_Control/Card_control-VHDL/control-2.vhd" into library work
Parsing VHDL file "C:/Users/Matze/Amiga/Hardwarehacks/gb_a1k_tk/Logik/Card_Control/Card_control-VHDL/card_controll_test.vhd" into library work
Starting static elaboration
Completed static elaboration
Compiling package standard
Compiling package std_logic_1164
Compiling package std_logic_arith
Compiling package std_logic_unsigned
Compiling architecture behavioral of entity control [control_default]
Compiling architecture behavior of entity card_controll_test
Time Resolution for simulation is 1ps.
Compiled 7 VHDL Units
Built simulation executable C:/Users/Matze/Amiga/Hardwarehacks/gb_a1k_tk/Logik/Card_Control/Card_control-VHDL/card_controll_test_isim_beh.exe
Fuse Memory Usage: 34096 KB
Fuse CPU Usage: 546 ms
