ISim log file
Running: C:\Users\Matze\Amiga\Hardwarehacks\gb_a1k_tk\Logik\Card_Control\Card_control-VHDL\card_controll_test_isim_beh.exe -intstyle ise -gui -tclbatch isim.cmd -wdb C:/Users/Matze/Amiga/Hardwarehacks/gb_a1k_tk/Logik/Card_Control/Card_control-VHDL/card_controll_test_isim_beh.wdb 
ISim P.68d (signature 0x7708f090)
WARNING: A WEBPACK license was found.
WARNING: Please use Xilinx License Configuration Manager to check out a full ISim license.
WARNING: ISim will run in Lite mode. Please refer to the ISim documentation for more information on the differences between the Lite and the Full version.
This is a Lite version of ISim.
Time resolution is 1 ps
# onerror resume
# wave add /
# run 1000 ns
Simulator is doing circuit initialization process.
Finished circuit initialization process.
# run all
Stopped at time : 8253837500 ps : File "C:/Users/Matze/Amiga/Hardwarehacks/gb_a1k_tk/Logik/Card_Control/Card_control-VHDL/card_controll_test.vhd" Line 247
# run all
Stopped at time : 11810330 ns : File "C:/Users/Matze/Amiga/Hardwarehacks/gb_a1k_tk/Logik/Card_Control/Card_control-VHDL/card_controll_test.vhd" Line 236
ISim P.68d (signature 0x7708f090)
WARNING: A WEBPACK license was found.
WARNING: Please use Xilinx License Configuration Manager to check out a full ISim license.
WARNING: ISim will run in Lite mode. Please refer to the ISim documentation for more information on the differences between the Lite and the Full version.
This is a Lite version of ISim.
# run 1000 ns
Simulator is doing circuit initialization process.
Finished circuit initialization process.
# run all
Stopped at time : 79515 ns : File "C:/Users/Matze/Amiga/Hardwarehacks/gb_a1k_tk/Logik/Card_Control/Card_control-VHDL/card_controll_test.vhd" Line 315
# run all
Stopped at time : 79752500 ps : File "C:/Users/Matze/Amiga/Hardwarehacks/gb_a1k_tk/Logik/Card_Control/Card_control-VHDL/card_controll_test.vhd" Line 324
# run all
Stopped at time : 5354132500 ps : File "C:/Users/Matze/Amiga/Hardwarehacks/gb_a1k_tk/Logik/Card_Control/Card_control-VHDL/control-2.vhd" Line 228
